TN:
SF:/home/glannoy/servicetask/src-pwa/custom-service-worker.js
FN:6,(anonymous_0)
FN:8,(anonymous_1)
FNF:2
FNH:0
FNDA:0,(anonymous_0)
FNDA:0,(anonymous_1)
DA:1,0
DA:3,0
DA:4,0
DA:6,0
DA:7,0
DA:9,0
LF:6
LH:0
BRDA:3,0,0,0
BRDA:3,0,1,0
BRDA:9,1,0,0
BRDA:9,1,1,0
BRF:4
BRH:0
end_of_record
TN:
SF:/home/glannoy/servicetask/src-pwa/firebase-messaging-sw.js
FN:11,(anonymous_0)
FNF:1
FNH:0
FNDA:0,(anonymous_0)
DA:2,0
DA:3,0
DA:5,0
DA:9,0
DA:11,0
DA:12,0
DA:13,0
DA:14,0
DA:20,0
LF:9
LH:0
BRF:0
BRH:0
end_of_record
TN:
SF:/home/glannoy/servicetask/src-pwa/register-service-worker.js
FN:9,(anonymous_0)
FN:12,(anonymous_1)
FN:15,(anonymous_2)
FN:18,(anonymous_3)
FN:21,(anonymous_4)
FN:24,(anonymous_5)
FN:27,(anonymous_6)
FNF:7
FNH:0
FNDA:0,(anonymous_0)
FNDA:0,(anonymous_1)
FNDA:0,(anonymous_2)
FNDA:0,(anonymous_3)
FNDA:0,(anonymous_4)
FNDA:0,(anonymous_5)
FNDA:0,(anonymous_6)
DA:8,0
DA:10,0
DA:13,0
DA:16,0
DA:19,0
DA:22,0
DA:25,0
DA:28,0
LF:8
LH:0
BRF:0
BRH:0
end_of_record
TN:
SF:/home/glannoy/servicetask/src/boot/firebase.js
FN:14,(anonymous_0)
FN:16,(anonymous_1)
FN:18,(anonymous_2)
FN:28,(anonymous_3)
FN:30,(anonymous_4)
FN:43,(anonymous_5)
FN:44,(anonymous_6)
FN:48,(anonymous_7)
FN:53,(anonymous_8)
FN:62,(anonymous_9)
FNF:10
FNH:0
FNDA:0,(anonymous_0)
FNDA:0,(anonymous_1)
FNDA:0,(anonymous_2)
FNDA:0,(anonymous_3)
FNDA:0,(anonymous_4)
FNDA:0,(anonymous_5)
FNDA:0,(anonymous_6)
FNDA:0,(anonymous_7)
FNDA:0,(anonymous_8)
FNDA:0,(anonymous_9)
DA:10,0
DA:11,0
DA:12,0
DA:14,0
DA:18,0
DA:19,0
DA:22,0
DA:24,0
DA:28,0
DA:30,0
DA:31,0
DA:32,0
DA:33,0
DA:37,0
DA:38,0
DA:40,0
DA:41,0
DA:43,0
DA:44,0
DA:45,0
DA:46,0
DA:49,0
DA:50,0
DA:53,0
DA:54,0
DA:55,0
DA:56,0
DA:63,0
DA:69,0
DA:71,0
DA:81,0
DA:82,0
DA:85,0
LF:33
LH:0
BRDA:19,0,0,0
BRDA:19,0,1,0
BRDA:37,1,0,0
BRDA:37,1,1,0
BRF:4
BRH:0
end_of_record
TN:
SF:/home/glannoy/servicetask/src/boot/i18n.js
FN:14,(anonymous_0)
FNF:1
FNH:0
FNDA:0,(anonymous_0)
DA:6,0
DA:8,0
DA:15,0
LF:3
LH:0
BRF:0
BRH:0
end_of_record
TN:
SF:/home/glannoy/servicetask/src/boot/moment.js
FN:3,(anonymous_0)
FNF:1
FNH:0
FNDA:0,(anonymous_0)
DA:4,0
LF:1
LH:0
BRF:0
BRH:0
end_of_record
TN:
SF:/home/glannoy/servicetask/src/components/customer/CustomerChip.vue
FN:20,data
FNF:1
FNH:0
FNDA:0,data
DA:21,0
LF:1
LH:0
BRF:0
BRH:0
end_of_record
TN:
SF:/home/glannoy/servicetask/src/components/customer/CustomerField.vue
FN:45,data
FN:51,displayValue
FN:56,filter
FN:60,onInput
FNF:4
FNH:0
FNDA:0,data
FNDA:0,displayValue
FNDA:0,filter
FNDA:0,onInput
DA:31,0
DA:46,0
DA:52,0
DA:57,0
DA:58,0
DA:61,0
DA:62,0
LF:7
LH:0
BRDA:52,0,0,0
BRDA:52,0,1,0
BRDA:61,1,0,0
BRDA:61,1,1,0
BRF:4
BRH:0
end_of_record
TN:
SF:/home/glannoy/servicetask/src/components/engine/EngineChip.vue
FN:31,data
FN:37,customerData
FNF:2
FNH:0
FNDA:0,data
FNDA:0,customerData
DA:32,0
DA:38,0
LF:2
LH:0
BRF:0
BRH:0
end_of_record
TN:
SF:/home/glannoy/servicetask/src/components/engine/EngineField.vue
FN:48,data
FN:55,enginesFiltered
FN:60,displayName
FN:63,onInput
FNF:4
FNH:0
FNDA:0,data
FNDA:0,enginesFiltered
FNDA:0,displayName
FNDA:0,onInput
DA:30,0
DA:49,0
DA:56,0
DA:61,0
DA:64,0
DA:65,0
LF:6
LH:0
BRDA:61,0,0,0
BRDA:61,0,1,0
BRDA:64,1,0,0
BRDA:64,1,1,0
BRF:4
BRH:0
end_of_record
TN:
SF:/home/glannoy/servicetask/src/components/engine/EngineLine.vue
FN:36,_default
FN:45,data
FN:51,mounted
FN:55,mixinEngines
FNF:4
FNH:0
FNDA:0,_default
FNDA:0,data
FNDA:0,mounted
FNDA:0,mixinEngines
DA:29,0
DA:37,0
DA:46,0
DA:52,0
DA:56,0
DA:57,0
DA:58,0
DA:59,0
LF:8
LH:0
BRDA:52,0,0,0
BRDA:52,0,1,0
BRDA:56,1,0,0
BRDA:56,1,1,0
BRDA:57,2,0,0
BRDA:57,2,1,0
BRF:6
BRH:0
end_of_record
TN:
SF:/home/glannoy/servicetask/src/components/engine/EngineView.vue
FN:27,_default
FN:32,data
FN:41,mounted
FN:43,(anonymous_4)
FN:46,StoreList
FN:47,UserChip
FN:48,CustomerChip
FNF:7
FNH:0
FNDA:0,_default
FNDA:0,data
FNDA:0,mounted
FNDA:0,(anonymous_4)
FNDA:0,StoreList
FNDA:0,UserChip
FNDA:0,CustomerChip
DA:28,0
DA:33,0
DA:41,0
DA:42,0
DA:43,0
DA:46,0
DA:47,0
DA:48,0
LF:8
LH:0
BRF:0
BRH:0
end_of_record
TN:
SF:/home/glannoy/servicetask/src/components/generic/AddressChip.vue
FN:19,_default
FN:31,_default
FN:37,displayAddress
FN:41,addressInline
FN:43,(anonymous_6)
FN:49,navigationURL
FN:56,startNavigation
FNF:7
FNH:0
FNDA:0,_default
FNDA:0,_default
FNDA:0,displayAddress
FNDA:0,addressInline
FNDA:0,(anonymous_6)
FNDA:0,navigationURL
FNDA:0,startNavigation
DA:12,0
DA:20,0
DA:32,0
DA:38,0
DA:39,0
DA:41,0
DA:42,0
DA:43,0
DA:44,0
DA:45,0
DA:47,0
DA:50,0
DA:51,0
DA:52,0
DA:57,0
LF:15
LH:0
BRDA:44,0,0,0
BRDA:44,0,1,0
BRDA:45,1,0,0
BRDA:45,1,1,0
BRF:4
BRH:0
end_of_record
TN:
SF:/home/glannoy/servicetask/src/components/generic/AddressField.vue
FN:38,_default
FN:58,TextField
FNF:2
FNH:0
FNDA:0,_default
FNDA:0,TextField
DA:39,0
DA:58,0
LF:2
LH:0
BRF:0
BRH:0
end_of_record
TN:
SF:/home/glannoy/servicetask/src/components/generic/Calendar.vue
FN:26,data
FN:32,events
FN:37,(anonymous_3)
FN:39,(anonymous_4)
FN:66,eventStyle
FN:75,rowIsBusy
FN:77,(anonymous_7)
FN:84,openEditDrawer
FN:90,CalendarEvent
FNF:9
FNH:0
FNDA:0,data
FNDA:0,events
FNDA:0,(anonymous_3)
FNDA:0,(anonymous_4)
FNDA:0,eventStyle
FNDA:0,rowIsBusy
FNDA:0,(anonymous_7)
FNDA:0,openEditDrawer
FNDA:0,CalendarEvent
DA:22,0
DA:27,0
DA:32,0
DA:33,0
DA:35,0
DA:36,0
DA:37,0
DA:38,0
DA:39,0
DA:40,0
DA:42,0
DA:43,0
DA:44,0
DA:45,0
DA:46,0
DA:48,0
DA:49,0
DA:53,0
DA:64,0
DA:67,0
DA:68,0
DA:69,0
DA:70,0
DA:71,0
DA:72,0
DA:73,0
DA:76,0
DA:77,0
DA:78,0
DA:79,0
DA:80,0
DA:82,0
DA:85,0
DA:86,0
DA:90,0
LF:35
LH:0
BRDA:38,0,0,0
BRDA:38,0,1,0
BRDA:40,1,0,0
BRDA:40,1,1,0
BRDA:45,2,0,0
BRDA:45,2,1,0
BRDA:46,3,0,0
BRDA:46,3,1,0
BRDA:78,4,0,0
BRDA:78,4,1,0
BRDA:79,5,0,0
BRDA:79,5,1,0
BRDA:80,6,0,0
BRDA:80,6,1,0
BRF:14
BRH:0
end_of_record
TN:
SF:/home/glannoy/servicetask/src/components/generic/CalendarEvent.vue
FN:27,_default
FN:32,data
FN:41,user
FN:44,customer
FN:49,style
FN:54,patchTask
FN:59,firstLetter
FN:64,UserAvatar
FNF:8
FNH:0
FNDA:0,_default
FNDA:0,data
FNDA:0,user
FNDA:0,customer
FNDA:0,style
FNDA:0,patchTask
FNDA:0,firstLetter
FNDA:0,UserAvatar
DA:28,0
DA:33,0
DA:42,0
DA:45,0
DA:50,0
DA:55,0
DA:60,0
DA:64,0
LF:8
LH:0
BRDA:60,0,0,0
BRDA:60,0,1,0
BRF:2
BRH:0
end_of_record
TN:
SF:/home/glannoy/servicetask/src/components/generic/ColorPicker.vue
FN:38,data
FN:44,color
FNF:2
FNH:0
FNDA:0,data
FNDA:0,color
DA:39,0
DA:45,0
LF:2
LH:0
BRF:0
BRH:0
end_of_record
TN:
SF:/home/glannoy/servicetask/src/components/generic/EditDialog.vue
FN:42,_default
FN:52,_default
FN:61,data
FN:67,meta
FN:72,set
FN:73,(anonymous_6)
FN:83,show
FN:86,hide
FN:89,onDialogHide
FN:94,StoreForm
FNF:10
FNH:0
FNDA:0,_default
FNDA:0,_default
FNDA:0,data
FNDA:0,meta
FNDA:0,set
FNDA:0,(anonymous_6)
FNDA:0,show
FNDA:0,hide
FNDA:0,onDialogHide
FNDA:0,StoreForm
DA:43,0
DA:53,0
DA:62,0
DA:68,0
DA:72,0
DA:73,0
DA:74,0
DA:75,0
DA:76,0
DA:77,0
DA:84,0
DA:87,0
DA:90,0
DA:94,0
LF:14
LH:0
BRDA:74,0,0,0
BRDA:74,0,1,0
BRF:2
BRH:0
end_of_record
TN:
SF:/home/glannoy/servicetask/src/components/generic/FilterForm.vue
FN:41,_default
FN:51,data
FN:57,fields
FN:58,(anonymous_4)
FN:62,get
FN:65,updateFilters
FN:67,(anonymous_7)
FN:80,store
FN:85,StoreForm
FNF:9
FNH:0
FNDA:0,_default
FNDA:0,data
FNDA:0,fields
FNDA:0,(anonymous_4)
FNDA:0,get
FNDA:0,updateFilters
FNDA:0,(anonymous_7)
FNDA:0,store
FNDA:0,StoreForm
DA:42,0
DA:52,0
DA:58,0
DA:63,0
DA:65,0
DA:66,0
DA:67,0
DA:68,0
DA:69,0
DA:76,0
DA:81,0
DA:85,0
LF:12
LH:0
BRDA:58,0,0,0
BRDA:58,0,1,0
BRDA:68,1,0,0
BRDA:68,1,1,0
BRF:4
BRH:0
end_of_record
TN:
SF:/home/glannoy/servicetask/src/components/generic/PersonChip.vue
FN:17,data
FNF:1
FNH:0
FNDA:0,data
DA:18,0
LF:1
LH:0
BRF:0
BRH:0
end_of_record
TN:
SF:/home/glannoy/servicetask/src/components/generic/PersonField.vue
FN:23,data
FNF:1
FNH:0
FNDA:0,data
DA:24,0
LF:1
LH:0
BRF:0
BRH:0
end_of_record
TN:
SF:/home/glannoy/servicetask/src/components/generic/PhoneChip.vue
FN:32,data
FNF:1
FNH:0
FNDA:0,data
DA:33,0
LF:1
LH:0
BRF:0
BRH:0
end_of_record
TN:
SF:/home/glannoy/servicetask/src/components/generic/PhoneField.vue
FN:24,data
FNF:1
FNH:0
FNDA:0,data
DA:25,0
LF:1
LH:0
BRF:0
BRH:0
end_of_record
TN:
SF:/home/glannoy/servicetask/src/components/generic/SelectField.vue
FN:21,_default
FNF:1
FNH:0
FNDA:0,_default
DA:22,0
LF:1
LH:0
BRF:0
BRH:0
end_of_record
TN:
SF:/home/glannoy/servicetask/src/components/generic/ShiftField.vue
FN:84,_default
FN:93,data
FN:105,startDateFormatted
FN:108,startDateTimeFormatted
FN:111,endDateTimeFormatted
FN:114,shiftDuration
FN:119,deleteShift
FN:122,adjustTime
FN:128,shiftPeriod
FN:134,shiftStart
FN:144,shift
FNF:11
FNH:0
FNDA:0,_default
FNDA:0,data
FNDA:0,startDateFormatted
FNDA:0,startDateTimeFormatted
FNDA:0,endDateTimeFormatted
FNDA:0,shiftDuration
FNDA:0,deleteShift
FNDA:0,adjustTime
FNDA:0,shiftPeriod
FNDA:0,shiftStart
FNDA:0,shift
DA:77,0
DA:85,0
DA:94,0
DA:106,0
DA:109,0
DA:112,0
DA:115,0
DA:120,0
DA:122,0
DA:123,0
DA:124,0
DA:129,0
DA:130,0
DA:131,0
DA:135,0
DA:137,0
DA:138,0
DA:139,0
DA:141,0
DA:145,0
LF:20
LH:0
BRDA:122,0,0,0
BRDA:122,0,1,0
BRDA:123,1,0,0
BRDA:123,1,1,0
BRDA:129,2,0,0
BRDA:129,2,1,0
BRDA:137,3,0,0
BRDA:137,3,1,0
BRDA:141,4,0,0
BRDA:141,4,1,0
BRF:10
BRH:0
end_of_record
TN:
SF:/home/glannoy/servicetask/src/components/generic/ShiftsField.vue
FN:33,_default
FN:38,data
FN:45,get
FN:48,set
FN:54,addShift
FN:61,deleteShift
FN:62,(anonymous_7)
FN:66,shifts
FN:71,ShiftField
FNF:9
FNH:0
FNDA:0,_default
FNDA:0,data
FNDA:0,get
FNDA:0,set
FNDA:0,addShift
FNDA:0,deleteShift
FNDA:0,(anonymous_7)
FNDA:0,shifts
FNDA:0,ShiftField
DA:26,0
DA:34,0
DA:39,0
DA:46,0
DA:49,0
DA:55,0
DA:62,0
DA:67,0
DA:71,0
LF:9
LH:0
BRDA:46,0,0,0
BRDA:46,0,1,0
BRF:2
BRH:0
end_of_record
TN:
SF:/home/glannoy/servicetask/src/components/generic/SignatureDialog.vue
FN:24,data
FN:34,show
FN:37,hide
FN:40,onDialogHide
FN:43,onOKClick
FN:48,onCancelClick
FNF:6
FNH:0
FNDA:0,data
FNDA:0,show
FNDA:0,hide
FNDA:0,onDialogHide
FNDA:0,onOKClick
FNDA:0,onCancelClick
DA:15,0
DA:25,0
DA:35,0
DA:38,0
DA:41,0
DA:44,0
DA:45,0
DA:46,0
DA:49,0
LF:9
LH:0
BRF:0
BRH:0
end_of_record
TN:
SF:/home/glannoy/servicetask/src/components/generic/StoreForm.vue
FN:40,_default
FN:46,_default
FN:72,formFields
FN:75,storeFields
FN:78,storeMeta
FN:83,mergeAttrs
FN:85,(anonymous_7)
FN:90,onSubmit
FN:94,onReset
FN:97,validate
FN:100,save
FN:105,UserField
FN:106,CustomerField
FN:107,EngineField
FN:108,TextField
FN:109,AddressField
FN:110,ShiftsField
FN:111,TeamviewerField
FN:112,ColorPicker
FN:113,SelectField
FN:114,BooleanField
FNF:21
FNH:0
FNDA:0,_default
FNDA:0,_default
FNDA:0,formFields
FNDA:0,storeFields
FNDA:0,storeMeta
FNDA:0,mergeAttrs
FNDA:0,(anonymous_7)
FNDA:0,onSubmit
FNDA:0,onReset
FNDA:0,validate
FNDA:0,save
FNDA:0,UserField
FNDA:0,CustomerField
FNDA:0,EngineField
FNDA:0,TextField
FNDA:0,AddressField
FNDA:0,ShiftsField
FNDA:0,TeamviewerField
FNDA:0,ColorPicker
FNDA:0,SelectField
FNDA:0,BooleanField
DA:41,0
DA:47,0
DA:73,0
DA:76,0
DA:79,0
DA:83,0
DA:84,0
DA:85,0
DA:86,0
DA:88,0
DA:91,0
DA:92,0
DA:95,0
DA:98,0
DA:101,0
DA:105,0
DA:106,0
DA:107,0
DA:108,0
DA:109,0
DA:110,0
DA:111,0
DA:112,0
DA:113,0
DA:114,0
LF:25
LH:0
BRDA:73,0,0,0
BRDA:73,0,1,0
BRDA:83,1,0,0
BRDA:83,1,1,0
BRDA:84,2,0,0
BRDA:84,2,1,0
BRF:6
BRH:0
end_of_record
TN:
SF:/home/glannoy/servicetask/src/components/generic/StoreItem.vue
FN:33,_default
FN:51,titleProp
FN:56,toggleSelected
FNF:3
FNH:0
FNDA:0,_default
FNDA:0,titleProp
FNDA:0,toggleSelected
DA:34,0
DA:52,0
DA:57,0
LF:3
LH:0
BRF:0
BRH:0
end_of_record
TN:
SF:/home/glannoy/servicetask/src/components/generic/StoreList.vue
FN:39,_default
FN:61,_default
FN:66,data
FN:72,listData
FN:77,StoreItem
FN:78,FilterForm
FNF:6
FNH:0
FNDA:0,_default
FNDA:0,_default
FNDA:0,data
FNDA:0,listData
FNDA:0,StoreItem
FNDA:0,FilterForm
DA:40,0
DA:62,0
DA:67,0
DA:73,0
DA:77,0
DA:78,0
LF:6
LH:0
BRDA:73,0,0,0
BRDA:73,0,1,0
BRF:2
BRH:0
end_of_record
TN:
SF:/home/glannoy/servicetask/src/components/generic/StoreToolbar.vue
FN:25,data
FN:31,toolbarActions
FN:32,(anonymous_3)
FN:36,get
FN:39,bottomSheet
FN:42,(anonymous_6)
FN:40,(anonymous_7)
FN:47,triggerAction
FNF:8
FNH:0
FNDA:0,data
FNDA:0,toolbarActions
FNDA:0,(anonymous_3)
FNDA:0,get
FNDA:0,bottomSheet
FNDA:0,(anonymous_6)
FNDA:0,(anonymous_7)
FNDA:0,triggerAction
DA:26,0
DA:31,0
DA:32,0
DA:37,0
DA:39,0
DA:40,0
DA:42,0
DA:44,0
DA:48,0
DA:49,0
DA:50,0
DA:54,0
DA:55,0
DA:56,0
LF:14
LH:0
BRDA:49,0,0,0
BRDA:49,0,1,0
BRDA:55,1,0,0
BRDA:55,1,1,0
BRF:4
BRH:0
end_of_record
TN:
SF:/home/glannoy/servicetask/src/components/generic/TeamviewerChip.vue
FN:20,_default
FN:25,data
FNF:2
FNH:0
FNDA:0,_default
FNDA:0,data
DA:21,0
DA:26,0
LF:2
LH:0
BRF:0
BRH:0
end_of_record
TN:
SF:/home/glannoy/servicetask/src/components/generic/TeamviewerField.vue
FN:32,_default
FN:40,data
FNF:2
FNH:0
FNDA:0,_default
FNDA:0,data
DA:33,0
DA:41,0
LF:2
LH:0
BRF:0
BRH:0
end_of_record
TN:
SF:/home/glannoy/servicetask/src/components/user/UserAvatar.vue
FN:17,_default
FN:29,data
FN:33,userData
FN:38,initial
FNF:4
FNH:0
FNDA:0,_default
FNDA:0,data
FNDA:0,userData
FNDA:0,initial
DA:18,0
DA:30,0
DA:34,0
DA:38,0
LF:4
LH:0
BRDA:34,0,0,0
BRDA:34,0,1,0
BRF:2
BRH:0
end_of_record
TN:
SF:/home/glannoy/servicetask/src/components/user/UserChip.vue
FN:15,_default
FN:21,UserAvatar
FNF:2
FNH:0
FNDA:0,_default
FNDA:0,UserAvatar
DA:16,0
DA:21,0
LF:2
LH:0
BRF:0
BRH:0
end_of_record
TN:
SF:/home/glannoy/servicetask/src/components/user/UserField.vue
FN:52,data
FN:58,displayValue
FN:63,filter
FN:70,onInput
FNF:4
FNH:0
FNDA:0,data
FNDA:0,displayValue
FNDA:0,filter
FNDA:0,onInput
DA:34,0
DA:53,0
DA:59,0
DA:64,0
DA:68,0
DA:71,0
DA:72,0
LF:7
LH:0
BRDA:59,0,0,0
BRDA:59,0,1,0
BRDA:71,1,0,0
BRDA:71,1,1,0
BRF:4
BRH:0
end_of_record
TN:
SF:/home/glannoy/servicetask/src/components/user/UserPrompt.vue
FN:23,data
FN:28,mounted
FN:32,show
FN:35,hide
FN:38,onDialogHide
FN:41,onOKClick
FN:46,onCancelClick
FN:51,UserField
FNF:8
FNH:0
FNDA:0,data
FNDA:0,mounted
FNDA:0,show
FNDA:0,hide
FNDA:0,onDialogHide
FNDA:0,onOKClick
FNDA:0,onCancelClick
FNDA:0,UserField
DA:24,0
DA:29,0
DA:33,0
DA:36,0
DA:39,0
DA:42,0
DA:43,0
DA:47,0
DA:51,0
LF:9
LH:0
BRF:0
BRH:0
end_of_record
TN:
SF:/home/glannoy/servicetask/src/i18n/index.js
FNF:0
FNH:0
LF:0
LH:0
BRF:0
BRH:0
end_of_record
TN:
SF:/home/glannoy/servicetask/src/layouts/Base.vue
FN:145,data
FN:159,storeName
FN:162,store
FN:165,meta
FN:168,headerClass
FN:171,data
FN:174,title
FN:177,selectedIds
FN:181,(anonymous_9)
FN:185,storesInMenu
FN:186,(anonymous_11)
FN:194,logout
FN:197,showEditDialog
FN:208,StoreToolbar
FNF:14
FNH:0
FNDA:0,data
FNDA:0,storeName
FNDA:0,store
FNDA:0,meta
FNDA:0,headerClass
FNDA:0,data
FNDA:0,title
FNDA:0,selectedIds
FNDA:0,(anonymous_9)
FNDA:0,storesInMenu
FNDA:0,(anonymous_11)
FNDA:0,logout
FNDA:0,showEditDialog
FNDA:0,StoreToolbar
DA:141,0
DA:146,0
DA:160,0
DA:163,0
DA:166,0
DA:169,0
DA:172,0
DA:175,0
DA:178,0
DA:179,0
DA:180,0
DA:181,0
DA:183,0
DA:186,0
DA:187,0
DA:188,0
DA:195,0
DA:197,0
DA:198,0
DA:208,0
LF:20
LH:0
BRDA:163,0,0,0
BRDA:163,0,1,0
BRDA:169,1,0,0
BRDA:169,1,1,0
BRDA:172,2,0,0
BRDA:172,2,1,0
BRDA:175,3,0,0
BRDA:175,3,1,0
BRDA:179,4,0,0
BRDA:179,4,1,0
BRDA:187,5,0,0
BRDA:187,5,1,0
BRDA:188,6,0,0
BRDA:188,6,1,0
BRDA:197,7,0,0
BRDA:197,7,1,0
BRDA:203,8,0,0
BRDA:203,8,1,0
BRF:18
BRH:0
end_of_record
TN:
SF:/home/glannoy/servicetask/src/pages/CalendarPage.vue
FN:39,data
FN:46,openEditDrawer
FN:52,Calendar
FN:53,StoreForm
FNF:4
FNH:0
FNDA:0,data
FNDA:0,openEditDrawer
FNDA:0,Calendar
FNDA:0,StoreForm
DA:40,0
DA:47,0
DA:48,0
DA:52,0
DA:53,0
LF:5
LH:0
BRF:0
BRH:0
end_of_record
TN:
SF:/home/glannoy/servicetask/src/pages/Dashboard.vue
FN:102,data
FN:110,currentShifts
FN:112,(anonymous_3)
FN:115,(anonymous_4)
FN:124,getCurrentShift
FN:125,(anonymous_6)
FN:127,createTaskDialog
FN:136,createCallDialog
FN:146,StoreList
FN:147,Calendar
FNF:10
FNH:0
FNDA:0,data
FNDA:0,currentShifts
FNDA:0,(anonymous_3)
FNDA:0,(anonymous_4)
FNDA:0,getCurrentShift
FNDA:0,(anonymous_6)
FNDA:0,createTaskDialog
FNDA:0,createCallDialog
FNDA:0,StoreList
FNDA:0,Calendar
DA:97,0
DA:98,0
DA:103,0
DA:111,0
DA:112,0
DA:113,0
DA:114,0
DA:115,0
DA:116,0
DA:119,0
DA:125,0
DA:127,0
DA:128,0
DA:137,0
DA:146,0
DA:147,0
LF:16
LH:0
BRDA:114,0,0,0
BRDA:114,0,1,0
BRDA:116,1,0,0
BRDA:116,1,1,0
BRDA:127,2,0,0
BRDA:127,2,1,0
BRF:6
BRH:0
end_of_record
TN:
SF:/home/glannoy/servicetask/src/pages/Login.vue
FN:35,data
FN:42,sendEmailVerification
FN:43,(anonymous_3)
FN:49,(anonymous_4)
FN:58,login
FN:59,(anonymous_6)
FN:61,(anonymous_7)
FNF:7
FNH:0
FNDA:0,data
FNDA:0,sendEmailVerification
FNDA:0,(anonymous_3)
FNDA:0,(anonymous_4)
FNDA:0,login
FNDA:0,(anonymous_6)
FNDA:0,(anonymous_7)
DA:36,0
DA:42,0
DA:43,0
DA:44,0
DA:50,0
DA:55,0
DA:58,0
DA:59,0
DA:60,0
DA:62,0
DA:67,0
LF:11
LH:0
BRF:0
BRH:0
end_of_record
TN:
SF:/home/glannoy/servicetask/src/pages/Maps.vue
FN:63,data
FN:74,customers
FN:77,(anonymous_3)
FN:81,search
FN:109,StoreList
FNF:5
FNH:0
FNDA:0,data
FNDA:0,customers
FNDA:0,(anonymous_3)
FNDA:0,search
FNDA:0,StoreList
DA:47,0
DA:48,0
DA:49,0
DA:51,0
DA:53,0
DA:55,0
DA:64,0
DA:75,0
DA:77,0
DA:81,0
DA:83,0
DA:88,0
DA:89,0
DA:90,0
DA:91,0
DA:93,0
DA:99,0
DA:100,0
DA:109,0
LF:19
LH:0
BRDA:81,0,0,0
BRDA:81,0,1,0
BRDA:81,0,2,0
BRDA:81,0,3,0
BRDA:81,0,4,0
BRDA:81,1,0,0
BRDA:81,1,1,0
BRDA:89,2,0,0
BRDA:89,2,1,0
BRDA:100,3,0,0
BRDA:100,3,1,0
BRF:11
BRH:0
end_of_record
TN:
SF:/home/glannoy/servicetask/src/pages/Report.vue
FN:170,data
FN:200,field
FN:207,field
FN:208,format
FN:215,field
FN:216,format
FN:223,field
FN:224,format
FN:231,mounted
FN:237,tasksSelected
FN:240,tasksTableData
FN:242,(anonymous_12)
FN:243,(anonymous_13)
FN:253,tasksTotalTime
FN:254,(anonymous_15)
FN:255,(anonymous_16)
FN:257,customerData
FN:260,contactPersonData
FN:265,getSignature
FN:266,(anonymous_20)
FN:274,save
FN:280,StoreList
FN:281,CustomerField
FN:282,UserField
FNF:24
FNH:0
FNDA:0,data
FNDA:0,field
FNDA:0,field
FNDA:0,format
FNDA:0,field
FNDA:0,format
FNDA:0,field
FNDA:0,format
FNDA:0,mounted
FNDA:0,tasksSelected
FNDA:0,tasksTableData
FNDA:0,(anonymous_12)
FNDA:0,(anonymous_13)
FNDA:0,tasksTotalTime
FNDA:0,(anonymous_15)
FNDA:0,(anonymous_16)
FNDA:0,customerData
FNDA:0,contactPersonData
FNDA:0,getSignature
FNDA:0,(anonymous_20)
FNDA:0,save
FNDA:0,StoreList
FNDA:0,CustomerField
FNDA:0,UserField
DA:165,0
DA:166,0
DA:171,0
DA:200,0
DA:207,0
DA:208,0
DA:215,0
DA:216,0
DA:223,0
DA:224,0
DA:232,0
DA:233,0
DA:234,0
DA:238,0
DA:241,0
DA:242,0
DA:243,0
DA:244,0
DA:248,0
DA:251,0
DA:254,0
DA:255,0
DA:258,0
DA:261,0
DA:265,0
DA:266,0
DA:271,0
DA:274,0
DA:275,0
DA:276,0
DA:280,0
DA:281,0
DA:282,0
LF:33
LH:0
BRDA:232,0,0,0
BRDA:232,0,1,0
BRDA:255,1,0,0
BRDA:255,1,1,0
BRDA:258,2,0,0
BRDA:258,2,1,0
BRDA:261,3,0,0
BRDA:261,3,1,0
BRDA:274,4,0,0
BRDA:274,4,1,0
BRDA:274,4,2,0
BRDA:274,4,3,0
BRDA:276,5,0,0
BRDA:276,5,1,0
BRF:14
BRH:0
end_of_record
TN:
SF:/home/glannoy/servicetask/src/pages/Settings.vue
FN:104,data
FN:117,saveUser
FN:118,(anonymous_3)
FNF:3
FNH:0
FNDA:0,data
FNDA:0,saveUser
FNDA:0,(anonymous_3)
DA:105,0
DA:117,0
DA:118,0
DA:119,0
LF:4
LH:0
BRF:0
BRH:0
end_of_record
TN:
SF:/home/glannoy/servicetask/src/pages/StoreListPage.vue
FN:10,data
FN:16,StoreList
FNF:2
FNH:0
FNDA:0,data
FNDA:0,StoreList
DA:11,0
DA:16,0
LF:2
LH:0
BRF:0
BRH:0
end_of_record
TN:
SF:/home/glannoy/servicetask/src/pages/StorePage.vue
FN:13,data
FN:17,mounted
FNF:2
FNH:0
FNDA:0,data
FNDA:0,mounted
DA:14,0
DA:18,0
LF:2
LH:0
BRF:0
BRH:0
end_of_record
TN:
SF:/home/glannoy/servicetask/src/router/index.js
FN:8,(anonymous_0)
FN:10,(anonymous_1)
FN:17,(anonymous_2)
FNF:3
FNH:0
FNDA:0,(anonymous_0)
FNDA:0,(anonymous_1)
FNDA:0,(anonymous_2)
DA:6,0
DA:9,0
DA:10,0
DA:17,0
DA:19,0
DA:20,0
DA:23,0
LF:7
LH:0
BRF:0
BRH:0
end_of_record
TN:
SF:/home/glannoy/servicetask/src/router/routes.js
FN:6,(anonymous_0)
FN:11,(anonymous_1)
FN:20,(anonymous_2)
FN:25,(anonymous_3)
FN:34,(anonymous_4)
FN:44,(anonymous_5)
FN:52,(anonymous_6)
FN:60,(anonymous_7)
FN:69,(anonymous_8)
FN:71,(anonymous_9)
FN:82,(anonymous_10)
FN:87,(anonymous_11)
FNF:12
FNH:0
FNDA:0,(anonymous_0)
FNDA:0,(anonymous_1)
FNDA:0,(anonymous_2)
FNDA:0,(anonymous_3)
FNDA:0,(anonymous_4)
FNDA:0,(anonymous_5)
FNDA:0,(anonymous_6)
FNDA:0,(anonymous_7)
FNDA:0,(anonymous_8)
FNDA:0,(anonymous_9)
FNDA:0,(anonymous_10)
FNDA:0,(anonymous_11)
DA:3,0
DA:6,0
DA:11,0
DA:20,0
DA:25,0
DA:34,0
DA:44,0
DA:52,0
DA:60,0
DA:69,0
DA:70,0
DA:71,0
DA:72,0
DA:73,0
DA:74,0
DA:75,0
DA:80,0
DA:82,0
DA:87,0
LF:19
LH:0
BRDA:70,0,0,0
BRDA:70,0,1,0
BRF:2
BRH:0
end_of_record
TN:
SF:/home/glannoy/servicetask/src/store/index.js
FN:28,(anonymous_0)
FN:34,(anonymous_1)
FN:35,(anonymous_2)
FN:42,(anonymous_3)
FNF:4
FNH:0
FNDA:0,(anonymous_0)
FNDA:0,(anonymous_1)
FNDA:0,(anonymous_2)
FNDA:0,(anonymous_3)
DA:7,0
DA:9,0
DA:16,0
DA:29,0
DA:30,0
DA:31,0
DA:32,0
DA:33,0
DA:34,0
DA:35,0
DA:37,0
DA:38,0
DA:40,0
DA:43,0
DA:44,0
DA:45,0
DA:46,0
DA:47,0
DA:48,0
DA:49,0
DA:53,0
DA:60,0
DA:67,0
LF:23
LH:0
BRDA:29,0,0,0
BRDA:29,0,1,0
BRDA:32,1,0,0
BRDA:32,1,1,0
BRDA:33,2,0,0
BRDA:33,2,1,0
BRDA:47,3,0,0
BRDA:47,3,1,0
BRDA:48,4,0,0
BRDA:48,4,1,0
BRF:10
BRH:0
end_of_record
TN:
SF:/home/glannoy/servicetask/src/store/firestore/calls.js
FN:17,(anonymous_0)
FN:27,(anonymous_1)
FN:41,(anonymous_2)
FN:47,(anonymous_3)
FN:83,(anonymous_4)
FN:109,(anonymous_5)
FN:114,(anonymous_6)
FNF:7
FNH:0
FNDA:0,(anonymous_0)
FNDA:0,(anonymous_1)
FNDA:0,(anonymous_2)
FNDA:0,(anonymous_3)
FNDA:0,(anonymous_4)
FNDA:0,(anonymous_5)
FNDA:0,(anonymous_6)
DA:6,0
DA:8,0
DA:10,0
DA:17,0
DA:27,0
DA:41,0
DA:47,0
DA:83,0
DA:110,0
DA:115,0
LF:10
LH:0
BRDA:41,0,0,0
BRDA:41,0,1,0
BRDA:47,1,0,0
BRDA:47,1,1,0
BRDA:83,2,0,0
BRDA:83,2,1,0
BRF:6
BRH:0
end_of_record
TN:
SF:/home/glannoy/servicetask/src/store/firestore/customers.js
FN:11,(anonymous_0)
FN:21,(anonymous_1)
FN:36,(anonymous_2)
FN:80,(anonymous_3)
FN:85,(anonymous_4)
FNF:5
FNH:0
FNDA:0,(anonymous_0)
FNDA:0,(anonymous_1)
FNDA:0,(anonymous_2)
FNDA:0,(anonymous_3)
FNDA:0,(anonymous_4)
DA:4,0
DA:11,0
DA:21,0
DA:36,0
DA:81,0
DA:86,0
LF:6
LH:0
BRDA:36,0,0,0
BRDA:36,0,1,0
BRF:2
BRH:0
end_of_record
TN:
SF:/home/glannoy/servicetask/src/store/firestore/engines.js
FN:8,(anonymous_0)
FN:18,(anonymous_1)
FN:38,(anonymous_2)
FN:44,(anonymous_3)
FNF:4
FNH:0
FNDA:0,(anonymous_0)
FNDA:0,(anonymous_1)
FNDA:0,(anonymous_2)
FNDA:0,(anonymous_3)
DA:1,0
DA:8,0
DA:18,0
DA:38,0
DA:44,0
LF:5
LH:0
BRDA:38,0,0,0
BRDA:38,0,1,0
BRDA:44,1,0,0
BRDA:44,1,1,0
BRF:4
BRH:0
end_of_record
TN:
SF:/home/glannoy/servicetask/src/store/firestore/index.js
FN:24,(anonymous_0)
FN:27,(anonymous_1)
FN:61,(anonymous_2)
FN:79,(anonymous_3)
FN:97,(anonymous_4)
FN:104,(anonymous_5)
FN:104,(anonymous_6)
FN:108,(anonymous_7)
FN:108,(anonymous_8)
FN:112,(anonymous_9)
FN:113,(anonymous_10)
FN:115,(anonymous_11)
FN:116,(anonymous_12)
FN:117,(anonymous_13)
FN:119,(anonymous_14)
FN:122,(anonymous_15)
FN:125,(anonymous_16)
FN:128,(anonymous_17)
FN:131,(anonymous_18)
FN:132,(anonymous_19)
FN:137,(anonymous_20)
FN:143,(anonymous_21)
FN:144,(anonymous_22)
FN:148,(anonymous_23)
FN:153,(anonymous_24)
FN:158,(anonymous_25)
FN:165,(anonymous_26)
FN:170,(anonymous_27)
FN:190,(anonymous_28)
FN:194,(anonymous_29)
FN:197,(anonymous_30)
FN:203,(anonymous_31)
FN:204,(anonymous_32)
FN:208,(anonymous_33)
FN:209,(anonymous_34)
FNF:35
FNH:0
FNDA:0,(anonymous_0)
FNDA:0,(anonymous_1)
FNDA:0,(anonymous_2)
FNDA:0,(anonymous_3)
FNDA:0,(anonymous_4)
FNDA:0,(anonymous_5)
FNDA:0,(anonymous_6)
FNDA:0,(anonymous_7)
FNDA:0,(anonymous_8)
FNDA:0,(anonymous_9)
FNDA:0,(anonymous_10)
FNDA:0,(anonymous_11)
FNDA:0,(anonymous_12)
FNDA:0,(anonymous_13)
FNDA:0,(anonymous_14)
FNDA:0,(anonymous_15)
FNDA:0,(anonymous_16)
FNDA:0,(anonymous_17)
FNDA:0,(anonymous_18)
FNDA:0,(anonymous_19)
FNDA:0,(anonymous_20)
FNDA:0,(anonymous_21)
FNDA:0,(anonymous_22)
FNDA:0,(anonymous_23)
FNDA:0,(anonymous_24)
FNDA:0,(anonymous_25)
FNDA:0,(anonymous_26)
FNDA:0,(anonymous_27)
FNDA:0,(anonymous_28)
FNDA:0,(anonymous_29)
FNDA:0,(anonymous_30)
FNDA:0,(anonymous_31)
FNDA:0,(anonymous_32)
FNDA:0,(anonymous_33)
FNDA:0,(anonymous_34)
DA:13,0
DA:24,0
DA:26,0
DA:28,0
DA:29,0
DA:32,0
DA:38,0
DA:42,0
DA:45,0
DA:46,0
DA:52,0
DA:62,0
DA:63,0
DA:64,0
DA:65,0
DA:67,0
DA:70,0
DA:80,0
DA:81,0
DA:82,0
DA:83,0
DA:85,0
DA:88,0
DA:98,0
DA:99,0
DA:104,0
DA:105,0
DA:106,0
DA:108,0
DA:109,0
DA:110,0
DA:112,0
DA:113,0
DA:115,0
DA:116,0
DA:117,0
DA:119,0
DA:120,0
DA:122,0
DA:123,0
DA:125,0
DA:126,0
DA:128,0
DA:129,0
DA:131,0
DA:132,0
DA:134,0
DA:137,0
DA:138,0
DA:139,0
DA:140,0
DA:143,0
DA:144,0
DA:145,0
DA:148,0
DA:149,0
DA:150,0
DA:153,0
DA:154,0
DA:155,0
DA:158,0
DA:159,0
DA:160,0
DA:166,0
DA:170,0
DA:171,0
DA:179,0
DA:182,0
DA:191,0
DA:192,0
DA:193,0
DA:194,0
DA:195,0
DA:198,0
DA:199,0
DA:204,0
DA:205,0
DA:209,0
LF:78
LH:0
BRDA:42,0,0,0
BRDA:42,0,1,0
BRDA:45,1,0,0
BRDA:45,1,1,0
BRDA:64,2,0,0
BRDA:64,2,1,0
BRDA:65,3,0,0
BRDA:65,3,1,0
BRDA:82,4,0,0
BRDA:82,4,1,0
BRDA:83,5,0,0
BRDA:83,5,1,0
BRDA:113,6,0,0
BRDA:113,6,1,0
BRDA:132,7,0,0
BRDA:132,7,1,0
BRDA:192,8,0,0
BRDA:192,8,1,0
BRF:18
BRH:0
end_of_record
TN:
SF:/home/glannoy/servicetask/src/store/firestore/notifications.js
FNF:0
FNH:0
DA:1,0
DA:11,0
LF:2
LH:0
BRF:0
BRH:0
end_of_record
TN:
SF:/home/glannoy/servicetask/src/store/firestore/reports.js
FN:8,(anonymous_0)
FN:19,(anonymous_1)
FNF:2
FNH:0
FNDA:0,(anonymous_0)
FNDA:0,(anonymous_1)
DA:1,0
DA:8,0
DA:19,0
LF:3
LH:0
BRF:0
BRH:0
end_of_record
TN:
SF:/home/glannoy/servicetask/src/store/firestore/tasks.js
FN:11,(anonymous_0)
FN:21,(anonymous_1)
FN:72,(anonymous_2)
FN:111,(anonymous_3)
FN:116,(anonymous_4)
FNF:5
FNH:0
FNDA:0,(anonymous_0)
FNDA:0,(anonymous_1)
FNDA:0,(anonymous_2)
FNDA:0,(anonymous_3)
FNDA:0,(anonymous_4)
DA:4,0
DA:11,0
DA:21,0
DA:72,0
DA:112,0
DA:117,0
LF:6
LH:0
BRDA:72,0,0,0
BRDA:72,0,1,0
BRF:2
BRH:0
end_of_record
TN:
SF:/home/glannoy/servicetask/src/store/firestore/users.js
FN:8,(anonymous_0)
FN:18,(anonymous_1)
FN:33,(anonymous_2)
FN:40,(anonymous_3)
FNF:4
FNH:0
FNDA:0,(anonymous_0)
FNDA:0,(anonymous_1)
FNDA:0,(anonymous_2)
FNDA:0,(anonymous_3)
DA:1,0
DA:8,0
DA:18,0
DA:33,0
DA:40,0
LF:5
LH:0
BRDA:33,0,0,0
BRDA:33,0,1,0
BRDA:40,1,0,0
BRDA:40,1,1,0
BRF:4
BRH:0
end_of_record
TN:
SF:/home/glannoy/servicetask/src/store/firestore/utils.js
FN:1,(anonymous_0)
FN:2,(anonymous_1)
FN:5,(anonymous_2)
FN:14,(anonymous_3)
FN:29,(anonymous_4)
FNF:5
FNH:0
FNDA:0,(anonymous_0)
FNDA:0,(anonymous_1)
FNDA:0,(anonymous_2)
FNDA:0,(anonymous_3)
FNDA:0,(anonymous_4)
DA:1,0
DA:2,0
DA:3,0
DA:4,0
DA:5,0
DA:6,0
DA:7,0
DA:8,0
DA:9,0
DA:10,0
DA:11,0
DA:12,0
DA:13,0
DA:14,0
DA:15,0
DA:17,0
DA:20,0
DA:22,0
DA:24,0
DA:26,0
DA:29,0
DA:30,0
LF:22
LH:0
BRDA:4,0,0,0
BRDA:4,0,1,0
BRDA:11,1,0,0
BRDA:11,1,1,0
BRDA:11,2,0,0
BRDA:11,2,1,0
BRDA:12,3,0,0
BRDA:12,3,1,0
BRDA:13,4,0,0
BRDA:13,4,1,0
BRDA:14,5,0,0
BRDA:14,5,1,0
BRDA:15,6,0,0
BRDA:15,6,1,0
BRDA:15,7,0,0
BRDA:15,7,1,0
BRDA:22,8,0,0
BRDA:22,8,1,0
BRF:18
BRH:0
end_of_record
